<?xml version="1.0" encoding="UTF-8"?>
<testsuite name="com.co.bancolombia.Exercise" tests="1" skipped="0" failures="0" errors="0" timestamp="2020-12-05T17:02:57" hostname="mb0b0892339.local" time="0.08">
  <properties/>
  <testcase name="Merge()" classname="com.co.bancolombia.Exercise" time="0.08"/>
  <system-out><![CDATA[[Movie(name=Titanic, durationInMin=160, score=9.5, director=James Cameron),Movie(name=The Purge: La noche de la expiación, durationInMin=85, score=7.5, director=James DeMonaco)]
[Movie(name=Anabelle, durationInMin=98, score=6.9, director=Jhon R. Leonetti),Movie(name=Avengers: End Game, durationInMin=181, score=8.4, director=Anthony y Joe Russo)]
]]></system-out>
  <system-err><![CDATA[]]></system-err>
</testsuite>
